GROUP,PACKAGE,CLASS,INSTRUCTION_MISSED,INSTRUCTION_COVERED,BRANCH_MISSED,BRANCH_COVERED,LINE_MISSED,LINE_COVERED,COMPLEXITY_MISSED,COMPLEXITY_COVERED,METHOD_MISSED,METHOD_COVERED
resume-web,anqi.chen,APP,272,0,16,0,58,0,12,0,4,0
resume-web,anqi.chen.framework,Experience,160,0,22,0,42,0,22,0,11,0
resume-web,anqi.chen.framework,Education,154,0,22,0,41,0,22,0,11,0
resume-web,anqi.chen.framework,Resume,137,0,0,0,35,0,13,0,13,0
resume-web,anqi.chen.framework,ResumeFramework,100,0,6,0,29,0,9,0,6,0
resume-web,anqi.chen.framework,Project,145,0,20,0,39,0,20,0,10,0
resume-web,anqi.chen.plugins,PDFPlugin,1326,0,160,0,289,0,97,0,17,0
resume-web,anqi.chen.plugins,TextPlugin,753,0,58,0,141,0,45,0,16,0
